<?xml version="1.0" encoding="UTF-8"?>
<coverage generated="1690529188912" clover="3.2.0">
  <project timestamp="1690529188913" name="All files">
    <metrics statements="14" coveredstatements="14" conditionals="8" coveredconditionals="8" methods="1" coveredmethods="1" elements="23" coveredelements="23" complexity="0" loc="14" ncloc="14" packages="1" files="1" classes="1"/>
    <file name="main.js" path="C:\Users\jalva\Desktop\bootcamp\Week 2\Challenges\Jueves 27 de Julio 2023\main.js">
      <metrics statements="14" coveredstatements="14" conditionals="8" coveredconditionals="8" methods="1" coveredmethods="1"/>
      <line num="1" count="1" type="stmt"/>
      <line num="2" count="1" type="stmt"/>
      <line num="3" count="1" type="stmt"/>
      <line num="4" count="20" type="cond" truecount="4" falsecount="0"/>
      <line num="5" count="1" type="stmt"/>
      <line num="6" count="1" type="stmt"/>
      <line num="9" count="19" type="cond" truecount="2" falsecount="0"/>
      <line num="10" count="3" type="stmt"/>
      <line num="11" count="3" type="stmt"/>
      <line num="14" count="16" type="cond" truecount="2" falsecount="0"/>
      <line num="15" count="5" type="stmt"/>
      <line num="16" count="5" type="stmt"/>
      <line num="19" count="11" type="stmt"/>
      <line num="22" count="1" type="stmt"/>
    </file>
  </project>
</coverage>
