{"C:\\Users\\jalva\\Desktop\\bootcamp\\Week 2\\Challenges\\Jueves 27 de Julio 2023\\main.js": {"path":"C:\\Users\\jalva\\Desktop\\bootcamp\\Week 2\\Challenges\\Jueves 27 de Julio 2023\\main.js","statementMap":{"0":{"start":{"line":1,"column":32},"end":{"line":23,"column":1}},"1":{"start":{"line":2,"column":19},"end":{"line":2,"column":21}},"2":{"start":{"line":3,"column":2},"end":{"line":20,"column":3}},"3":{"start":{"line":3,"column":15},"end":{"line":3,"column":20}},"4":{"start":{"line":4,"column":4},"end":{"line":7,"column":5}},"5":{"start":{"line":5,"column":6},"end":{"line":5,"column":32}},"6":{"start":{"line":6,"column":6},"end":{"line":6,"column":15}},"7":{"start":{"line":9,"column":4},"end":{"line":12,"column":5}},"8":{"start":{"line":10,"column":6},"end":{"line":10,"column":28}},"9":{"start":{"line":11,"column":6},"end":{"line":11,"column":15}},"10":{"start":{"line":14,"column":4},"end":{"line":17,"column":5}},"11":{"start":{"line":15,"column":6},"end":{"line":15,"column":28}},"12":{"start":{"line":16,"column":6},"end":{"line":16,"column":15}},"13":{"start":{"line":19,"column":4},"end":{"line":19,"column":21}},"14":{"start":{"line":22,"column":2},"end":{"line":22,"column":18}}},"fnMap":{"0":{"name":"(anonymous_0)","decl":{"start":{"line":1,"column":32},"end":{"line":1,"column":33}},"loc":{"start":{"line":1,"column":48},"end":{"line":23,"column":1}},"line":1}},"branchMap":{"0":{"loc":{"start":{"line":4,"column":4},"end":{"line":7,"column":5}},"type":"if","locations":[{"start":{"line":4,"column":4},"end":{"line":7,"column":5}},{"start":{},"end":{}}],"line":4},"1":{"loc":{"start":{"line":4,"column":8},"end":{"line":4,"column":34}},"type":"binary-expr","locations":[{"start":{"line":4,"column":8},"end":{"line":4,"column":19}},{"start":{"line":4,"column":23},"end":{"line":4,"column":34}}],"line":4},"2":{"loc":{"start":{"line":9,"column":4},"end":{"line":12,"column":5}},"type":"if","locations":[{"start":{"line":9,"column":4},"end":{"line":12,"column":5}},{"start":{},"end":{}}],"line":9},"3":{"loc":{"start":{"line":14,"column":4},"end":{"line":17,"column":5}},"type":"if","locations":[{"start":{"line":14,"column":4},"end":{"line":17,"column":5}},{"start":{},"end":{}}],"line":14}},"s":{"0":1,"1":1,"2":1,"3":1,"4":20,"5":1,"6":1,"7":19,"8":3,"9":3,"10":16,"11":5,"12":5,"13":11,"14":1},"f":{"0":1},"b":{"0":[1,19],"1":[20,6],"2":[3,16],"3":[5,11]},"_coverageSchema":"1a1c01bbd47fc00a2c39e90264f33305004495a9","hash":"3edd3b793676107646cc380a1711f1042eba13cd"}
}
